{"level":"info","message":"Signin request received for email: mmehmood@abidisolutions.com","timestamp":"2025-03-24T16:21:09.333Z"}
{"level":"info","message":"User mmehmood@abidisolutions.com successfully logged in.","timestamp":"2025-03-24T16:21:09.596Z"}
{"level":"info","message":"OTP successfully generated and sent to mmehmood@abidisolutions.com.","timestamp":"2025-03-24T16:21:09.684Z"}
{"level":"info","message":"Signin request received for email: mmehmood@abidisolutions.com","timestamp":"2025-03-24T16:35:21.075Z"}
{"level":"info","message":"User mmehmood@abidisolutions.com successfully logged in.","timestamp":"2025-03-24T16:35:21.309Z"}
{"level":"info","message":"OTP successfully generated and sent to mmehmood@abidisolutions.com.","timestamp":"2025-03-24T16:35:21.390Z"}
{"level":"info","message":"Signin request received for email: mmehmood@abidisolutions.com","timestamp":"2025-03-24T16:39:26.005Z"}
{"level":"info","message":"User mmehmood@abidisolutions.com successfully logged in.","timestamp":"2025-03-24T16:39:26.209Z"}
{"level":"info","message":"OTP successfully generated and sent to mmehmood@abidisolutions.com.","timestamp":"2025-03-24T16:39:26.279Z"}
{"level":"error","message":"Unknown log level: INFO","timestamp":"2025-03-24T16:39:26.366Z"}
{"level":"info","message":"New OTP sent to mmehmood@abidisolutions.com","timestamp":"2025-03-24T16:40:07.184Z"}
{"level":"info","message":"Signin request received for email: mmehmood@abidisolutions.com","timestamp":"2025-03-24T16:43:16.739Z"}
{"level":"info","message":"User mmehmood@abidisolutions.com successfully logged in.","timestamp":"2025-03-24T16:43:16.959Z"}
{"level":"info","message":"OTP successfully generated and sent to mmehmood@abidisolutions.com.","timestamp":"2025-03-24T16:43:17.030Z"}
{"level":"error","message":"Unknown log level: INFO","timestamp":"2025-03-24T16:43:17.107Z"}
{"level":"info","message":"New OTP sent to mmehmood@abidisolutions.com","timestamp":"2025-03-24T16:43:49.497Z"}
{"level":"info","message":"New OTP sent to mmehmood@abidisolutions.com","timestamp":"2025-03-24T16:43:51.835Z"}
{"level":"info","message":"OTP verified successfully for mmehmood@abidisolutions.com","timestamp":"2025-03-24T16:44:18.911Z"}
{"level":"info","message":"OTP successfully verified for mmehmood@abidisolutions.com","timestamp":"2025-03-24T16:44:19.006Z"}
{"level":"info","message":"Signin request received for email: mmehmood@abidisolutions.com","timestamp":"2025-03-24T17:24:52.254Z"}
{"level":"info","message":"User mmehmood@abidisolutions.com successfully logged in.","timestamp":"2025-03-24T17:24:53.572Z"}
{"level":"info","message":"OTP successfully generated and sent to mmehmood@abidisolutions.com.","timestamp":"2025-03-24T17:24:53.653Z"}
{"level":"error","message":"Unknown log level: INFO","timestamp":"2025-03-24T17:24:53.824Z"}
{"level":"info","message":"Signin request received for email: mmehmood@abidisolutions.com","timestamp":"2025-03-24T17:33:11.663Z"}
{"level":"info","message":"User mmehmood@abidisolutions.com successfully logged in.","timestamp":"2025-03-24T17:33:13.315Z"}
{"level":"info","message":"OTP successfully generated for mmehmood@abidisolutions.com. Sending OTP...","timestamp":"2025-03-24T17:33:13.592Z"}
{"level":"info","message":"User mmehmood@abidisolutions.com successfully logged in.","timestamp":"2025-03-24T17:33:13.994Z"}
{"level":"info","message":"OTP verified successfully for mmehmood@abidisolutions.com","timestamp":"2025-03-24T17:33:36.411Z"}
{"level":"info","message":"OTP successfully verified for mmehmood@abidisolutions.com","timestamp":"2025-03-24T17:33:36.609Z"}
{"level":"info","message":"Signin request received for email: mmehmood@abidisolutions.com","timestamp":"2025-03-24T17:37:49.204Z"}
{"level":"info","message":"User mmehmood@abidisolutions.com successfully logged in.","timestamp":"2025-03-24T17:37:49.910Z"}
{"level":"info","message":"OTP successfully generated for mmehmood@abidisolutions.com. Sending OTP...","timestamp":"2025-03-24T17:37:50.098Z"}
{"level":"info","message":"User mmehmood@abidisolutions.com successfully logged in.","timestamp":"2025-03-24T17:37:50.381Z"}
{"level":"info","message":"Signin request received for email: mmehmood@abidisolutions.com","timestamp":"2025-03-24T17:39:25.813Z"}
{"level":"info","message":"User mmehmood@abidisolutions.com successfully logged in.","timestamp":"2025-03-24T17:39:26.509Z"}
{"level":"info","message":"OTP successfully generated for mmehmood@abidisolutions.com. Sending OTP...","timestamp":"2025-03-24T17:39:26.599Z"}
{"level":"info","message":"User mmehmood@abidisolutions.com successfully logged in.","timestamp":"2025-03-24T17:39:26.875Z"}
{"level":"info","message":"Signin request received for email: mmehmood@abidisolutions.com","timestamp":"2025-03-24T17:41:33.034Z"}
{"level":"info","message":"User mmehmood@abidisolutions.com successfully logged in.","timestamp":"2025-03-24T17:41:34.173Z"}
{"level":"info","message":"OTP successfully generated for mmehmood@abidisolutions.com. Sending OTP...","timestamp":"2025-03-24T17:41:34.414Z"}
{"level":"info","message":"User mmehmood@abidisolutions.com successfully logged in.","timestamp":"2025-03-24T17:41:35.043Z"}
{"level":"info","message":"OTP verified successfully for mmehmood@abidisolutions.com","timestamp":"2025-03-24T17:42:08.642Z"}
{"level":"info","message":"OTP successfully verified for mmehmood@abidisolutions.com","timestamp":"2025-03-24T17:42:08.792Z"}
{"level":"info","message":"Signin request received for email: mmehmood@abidisolutions.com","timestamp":"2025-03-24T17:46:23.121Z"}
{"level":"info","message":"User mmehmood@abidisolutions.com successfully logged in.","timestamp":"2025-03-24T17:46:25.140Z"}
{"level":"info","message":"OTP successfully generated for mmehmood@abidisolutions.com. Sending OTP...","timestamp":"2025-03-24T17:46:25.253Z"}
{"level":"info","message":"User mmehmood@abidisolutions.com successfully logged in.","timestamp":"2025-03-24T17:46:25.658Z"}
{"level":"error","message":"OTP expired for mmehmood@abidisolutions.com","timestamp":"2025-03-24T17:49:08.575Z"}
{"level":"error","message":"OTP verification failed for mmehmood@abidisolutions.com: OTP expired. Please request a new one.","timestamp":"2025-03-24T17:49:10.822Z"}
{"level":"info","message":"New OTP sent to mmehmood@abidisolutions.com","timestamp":"2025-03-24T17:49:15.491Z"}
{"level":"info","message":"New OTP sent to mmehmood@abidisolutions.com","timestamp":"2025-03-24T17:49:17.523Z"}
{"level":"info","message":"OTP verified successfully for mmehmood@abidisolutions.com","timestamp":"2025-03-24T17:49:35.673Z"}
{"level":"info","message":"OTP successfully verified for mmehmood@abidisolutions.com","timestamp":"2025-03-24T17:49:35.807Z"}
{"level":"info","message":"Signin request received for email: mmehmood@abidisolutions.com","timestamp":"2025-03-24T17:53:58.881Z"}
{"level":"info","message":"User mmehmood@abidisolutions.com successfully logged in.","timestamp":"2025-03-24T17:53:59.778Z"}
{"level":"info","message":"OTP successfully generated for mmehmood@abidisolutions.com. Sending OTP...","timestamp":"2025-03-24T17:53:59.861Z"}
{"level":"info","message":"User mmehmood@abidisolutions.com successfully logged in.","timestamp":"2025-03-24T17:54:00.184Z"}
{"level":"info","message":"OTP verified successfully for mmehmood@abidisolutions.com","timestamp":"2025-03-24T17:54:27.759Z"}
{"level":"info","message":"OTP successfully verified for mmehmood@abidisolutions.com","timestamp":"2025-03-24T17:54:27.883Z"}
